<?xml version="1.0" encoding="UTF-8"?>
<!-- Generated by org.testng.reporters.JUnitXMLReporter -->
<testsuite ignored="3" hostname="Desktop-Monitor-2nd-Floor-Room3" failures="0" tests="6" name="Test(failed)(failed)" time="0.092" errors="0" timestamp="2024-03-02T08:18:01 IST">
  <testcase classname="com.actitime.testscript.ProjectModule" name="createProject" time="0.009"/>
  <testcase classname="com.actitime.testscript.ProjectModule" name="modifyProject" time="0.002"/>
  <testcase classname="com.actitime.testscript.CustomerModule" name="modifyCustomer" time="0.004"/>
  <testcase classname="com.actitime.testscript.CustomerModule" name="createCustomer" time="0.007"/>
  <testcase classname="com.actitime.testscript.TaskModule" name="modifyTask" time="0.002"/>
  <testcase classname="com.actitime.testscript.TaskModule" name="createTask" time="0.002"/>
  <testcase classname="com.actitime.testscript.CustomerModule" name="deleteCustomer" time="0.0">
    <ignored/>
  </testcase> <!-- deleteCustomer -->
  <testcase classname="com.actitime.testscript.ProjectModule" name="deleteProject" time="0.0">
    <ignored/>
  </testcase> <!-- deleteProject -->
  <testcase classname="com.actitime.testscript.TaskModule" name="deleteTask" time="0.0">
    <ignored/>
  </testcase> <!-- deleteTask -->
</testsuite> <!-- Test(failed)(failed) -->
