<?xml version="1.0" encoding="UTF-8"?>
<!-- Generated by org.testng.reporters.JUnitXMLReporter -->
<testsuite ignored="0" hostname="Desktop-Monitor-2nd-Floor-Room3" failures="0" tests="3" name="Default test" time="14.113" errors="0" timestamp="2024-03-15T09:15:38 IST">
  <testcase classname="basics.ExecutionClass" name="execute" time="3.315"/>
  <testcase classname="basics.ExecutionClass" name="execute" time="4.702"/>
  <testcase classname="basics.ExecutionClass" name="execute" time="6.017"/>
</testsuite> <!-- Default test -->
